2011.12.16 18:07:47.363 BRST INFO: *** SYSTEM START ***
2011.12.16 18:07:47.991 BRST WARNING: [Local Folder Repository] The specified file must be a directory. (C:\Users\Bruno\Documents\NetBeansProjects\Kuaba\argouml-app\plugins\edu.stanford.smi.protegex.owl) -- LocalFolderRepository.update()
2011.12.16 18:07:48.012 BRST INFO: Loading triples -- ProtegeOWLParser.loadTriples()
2011.12.16 18:07:48.090 BRST INFO: Start processing ontology: http://dummy-ontologies.com/dummy.owl Time: Fri Dec 16 18:07:48 BRST 2011 -- ProtegeOWLParser.loadTriples()
2011.12.16 18:07:48.134 BRST INFO: [ProtegeOWLParser] Importing http://www.tecweb.inf.puc-rio.br/DesignRationale/KuabaOntology.owl (from C:\Users\Bruno\Documents\NetBeansProjects\Kuaba\argouml-app\kuabaOntology\KuabaOntology.owl) -- DefaultProtegeOWLParserLogger.logImport()
2011.12.16 18:07:48.351 BRST INFO: [ProtegeOWLParser] Completed triple loading after 262 ms -- ProtegeOWLParser.loadTriples()
2011.12.16 18:07:48.375 BRST INFO: [TripleChangePostProcessor] Completed lists after 0 ms -- TripleChangePostProcessor.log()
2011.12.16 18:07:48.381 BRST INFO: [TripleChangePostProcessor] Completed anonymous classes after 6 ms -- TripleChangePostProcessor.log()
2011.12.16 18:07:48.382 BRST INFO: [TripleChangePostProcessor] Completed deprecated classes after 1 ms -- TripleChangePostProcessor.log()
2011.12.16 18:07:48.418 BRST INFO: [TripleChangePostProcessor] Completed properties after 36 ms -- TripleChangePostProcessor.log()
2011.12.16 18:07:48.425 BRST INFO: [TripleChangePostProcessor] Completed named classes after 7 ms -- TripleChangePostProcessor.log()
2011.12.16 18:07:48.426 BRST INFO: ... Loading completed after 337 ms -- ProtegeOWLParser.loadTriples()
2011.12.16 18:07:48.522 BRST WARNING: [Local Folder Repository] The specified file must be a directory. (C:\Users\Bruno\Documents\NetBeansProjects\Kuaba\argouml-app\plugins\edu.stanford.smi.protegex.owl) -- LocalFolderRepository.update()
2011.12.16 18:07:48.524 BRST INFO: Loading triples -- ProtegeOWLParser.loadTriples()
2011.12.16 18:07:48.525 BRST INFO: Start processing ontology: http://dummy-ontologies.com/dummy.owl Time: Fri Dec 16 18:07:48 BRST 2011 -- ProtegeOWLParser.loadTriples()
2011.12.16 18:07:49.257 BRST INFO: Loaded 5000 triples -- ProtegeOWLParser$MyStatementHandler.statement()
2011.12.16 18:07:49.454 BRST INFO: [ProtegeOWLParser] Importing http://www.tecweb.inf.puc-rio.br/DesignRationale/KuabaOntology.owl (from C:\Users\Bruno\Documents\NetBeansProjects\Kuaba\argouml-app\kuabaOntology\KuabaOntology.owl) -- DefaultProtegeOWLParserLogger.logImport()
2011.12.16 18:07:49.490 BRST INFO: [ProtegeOWLParser] Completed triple loading after 965 ms -- ProtegeOWLParser.loadTriples()
2011.12.16 18:07:49.607 BRST INFO: [TripleChangePostProcessor] Completed lists after 0 ms -- TripleChangePostProcessor.log()
2011.12.16 18:07:49.608 BRST INFO: [TripleChangePostProcessor] Completed anonymous classes after 1 ms -- TripleChangePostProcessor.log()
2011.12.16 18:07:49.609 BRST INFO: [TripleChangePostProcessor] Completed deprecated classes after 0 ms -- TripleChangePostProcessor.log()
2011.12.16 18:07:49.621 BRST INFO: [TripleChangePostProcessor] Completed properties after 12 ms -- TripleChangePostProcessor.log()
2011.12.16 18:07:49.623 BRST INFO: [TripleChangePostProcessor] Completed named classes after 2 ms -- TripleChangePostProcessor.log()
2011.12.16 18:07:49.625 BRST INFO: ... Loading completed after 1100 ms -- ProtegeOWLParser.loadTriples()
