2011.12.16 14:50:50.222 BRST INFO: *** SYSTEM START ***
2011.12.16 14:50:50.967 BRST WARNING: [Local Folder Repository] The specified file must be a directory. (C:\Users\Bruno\Documents\NetBeansProjects\Kuaba\KuabaSubystem\plugins\edu.stanford.smi.protegex.owl) -- LocalFolderRepository.update()
2011.12.16 14:50:50.983 BRST INFO: Loading triples -- ProtegeOWLParser.loadTriples()
2011.12.16 14:50:51.045 BRST INFO: Start processing ontology: http://dummy-ontologies.com/dummy.owl Time: Fri Dec 16 14:50:51 BRST 2011 -- ProtegeOWLParser.loadTriples()
2011.12.16 14:50:51.208 BRST INFO: [ProtegeOWLParser] Importing http://www.tecweb.inf.puc-rio.br/DesignRationale/KuabaOntology.owl (from C:\Users\Bruno\Documents\NetBeansProjects\Kuaba\KuabaSubystem\kuabaOntology\KuabaOntology.owl) -- DefaultProtegeOWLParserLogger.logImport()
2011.12.16 14:50:51.322 BRST INFO: [ProtegeOWLParser] Completed triple loading after 279 ms -- ProtegeOWLParser.loadTriples()
2011.12.16 14:50:51.350 BRST INFO: [TripleChangePostProcessor] Completed lists after 0 ms -- TripleChangePostProcessor.log()
2011.12.16 14:50:51.355 BRST INFO: [TripleChangePostProcessor] Completed anonymous classes after 5 ms -- TripleChangePostProcessor.log()
2011.12.16 14:50:51.356 BRST INFO: [TripleChangePostProcessor] Completed deprecated classes after 1 ms -- TripleChangePostProcessor.log()
2011.12.16 14:50:51.392 BRST INFO: [TripleChangePostProcessor] Completed properties after 36 ms -- TripleChangePostProcessor.log()
2011.12.16 14:50:51.397 BRST INFO: [TripleChangePostProcessor] Completed named classes after 5 ms -- TripleChangePostProcessor.log()
2011.12.16 14:50:51.398 BRST INFO: ... Loading completed after 355 ms -- ProtegeOWLParser.loadTriples()
2011.12.16 14:50:58.825 BRST WARNING: [Local Folder Repository] The specified file must be a directory. (C:\Users\Bruno\Documents\NetBeansProjects\Kuaba\KuabaSubystem\plugins\edu.stanford.smi.protegex.owl) -- LocalFolderRepository.update()
2011.12.16 14:50:58.827 BRST INFO: Loading triples -- ProtegeOWLParser.loadTriples()
2011.12.16 14:50:58.828 BRST INFO: Start processing ontology: http://dummy-ontologies.com/dummy.owl Time: Fri Dec 16 14:50:58 BRST 2011 -- ProtegeOWLParser.loadTriples()
2011.12.16 14:50:58.870 BRST INFO: [ProtegeOWLParser] Importing http://www.tecweb.inf.puc-rio.br/DesignRationale/KuabaOntology.owl (from C:\Users\Bruno\Documents\NetBeansProjects\Kuaba\KuabaSubystem\kuabaOntology\KuabaOntology.owl) -- DefaultProtegeOWLParserLogger.logImport()
2011.12.16 14:50:58.933 BRST INFO: [ProtegeOWLParser] Completed triple loading after 104 ms -- ProtegeOWLParser.loadTriples()
2011.12.16 14:50:58.947 BRST INFO: [TripleChangePostProcessor] Completed lists after 0 ms -- TripleChangePostProcessor.log()
2011.12.16 14:50:58.949 BRST INFO: [TripleChangePostProcessor] Completed anonymous classes after 2 ms -- TripleChangePostProcessor.log()
2011.12.16 14:50:58.949 BRST INFO: [TripleChangePostProcessor] Completed deprecated classes after 0 ms -- TripleChangePostProcessor.log()
2011.12.16 14:50:58.961 BRST INFO: [TripleChangePostProcessor] Completed properties after 12 ms -- TripleChangePostProcessor.log()
2011.12.16 14:50:58.963 BRST INFO: [TripleChangePostProcessor] Completed named classes after 2 ms -- TripleChangePostProcessor.log()
2011.12.16 14:50:58.963 BRST INFO: ... Loading completed after 135 ms -- ProtegeOWLParser.loadTriples()
2011.12.16 14:50:59.033 BRST WARNING: [Local Folder Repository] The specified file must be a directory. (C:\Users\Bruno\Documents\NetBeansProjects\Kuaba\KuabaSubystem\plugins\edu.stanford.smi.protegex.owl) -- LocalFolderRepository.update()
2011.12.16 14:50:59.068 BRST INFO: Loading triples -- ProtegeOWLParser.loadTriples()
2011.12.16 14:50:59.068 BRST INFO: Start processing ontology: http://dummy-ontologies.com/dummy.owl Time: Fri Dec 16 14:50:59 BRST 2011 -- ProtegeOWLParser.loadTriples()
2011.12.16 14:50:59.594 BRST INFO: [ProtegeOWLParser] Importing http://www.tecweb.inf.puc-rio.br/DesignRationale/KuabaOntology.owl (from C:\Users\Bruno\Documents\NetBeansProjects\Kuaba\KuabaSubystem\kuabaOntology\KuabaOntology.owl) -- DefaultProtegeOWLParserLogger.logImport()
2011.12.16 14:50:59.631 BRST INFO: [ProtegeOWLParser] Completed triple loading after 563 ms -- ProtegeOWLParser.loadTriples()
2011.12.16 14:50:59.693 BRST INFO: [TripleChangePostProcessor] Completed lists after 0 ms -- TripleChangePostProcessor.log()
2011.12.16 14:50:59.694 BRST INFO: [TripleChangePostProcessor] Completed anonymous classes after 1 ms -- TripleChangePostProcessor.log()
2011.12.16 14:50:59.695 BRST INFO: [TripleChangePostProcessor] Completed deprecated classes after 1 ms -- TripleChangePostProcessor.log()
2011.12.16 14:50:59.705 BRST INFO: [TripleChangePostProcessor] Completed properties after 10 ms -- TripleChangePostProcessor.log()
2011.12.16 14:50:59.706 BRST INFO: [TripleChangePostProcessor] Completed named classes after 1 ms -- TripleChangePostProcessor.log()
2011.12.16 14:50:59.708 BRST INFO: ... Loading completed after 640 ms -- ProtegeOWLParser.loadTriples()
2011.12.31 13:03:35.962 BRST INFO: *** SYSTEM START ***
2012.01.01 16:23:03.972 BRST INFO: *** SYSTEM START ***
2012.01.01 16:23:05.940 BRST WARNING: [Local Folder Repository] The specified file must be a directory. (C:\Users\Bruno\Documents\NetBeansProjects\Kuaba\KuabaSubystem\plugins\edu.stanford.smi.protegex.owl) -- LocalFolderRepository.update()
2012.01.01 16:23:05.968 BRST INFO: Loading triples -- ProtegeOWLParser.loadTriples()
2012.01.01 16:23:06.069 BRST INFO: Start processing ontology: http://dummy-ontologies.com/dummy.owl Time: Sun Jan 01 16:23:06 BRST 2012 -- ProtegeOWLParser.loadTriples()
2012.01.01 16:23:06.307 BRST INFO: [ProtegeOWLParser] Importing http://www.tecweb.inf.puc-rio.br/DesignRationale/KuabaOntology.owl (from C:\Users\Bruno\Documents\NetBeansProjects\Kuaba\KuabaSubystem\kuabaOntology\KuabaOntology.owl) -- DefaultProtegeOWLParserLogger.logImport()
2012.01.01 16:23:06.425 BRST INFO: [ProtegeOWLParser] Completed triple loading after 357 ms -- ProtegeOWLParser.loadTriples()
2012.01.01 16:23:06.454 BRST INFO: [TripleChangePostProcessor] Completed lists after 1 ms -- TripleChangePostProcessor.log()
2012.01.01 16:23:06.460 BRST INFO: [TripleChangePostProcessor] Completed anonymous classes after 5 ms -- TripleChangePostProcessor.log()
2012.01.01 16:23:06.461 BRST INFO: [TripleChangePostProcessor] Completed deprecated classes after 1 ms -- TripleChangePostProcessor.log()
2012.01.01 16:23:06.497 BRST INFO: [TripleChangePostProcessor] Completed properties after 36 ms -- TripleChangePostProcessor.log()
2012.01.01 16:23:06.503 BRST INFO: [TripleChangePostProcessor] Completed named classes after 6 ms -- TripleChangePostProcessor.log()
2012.01.01 16:23:06.504 BRST INFO: ... Loading completed after 435 ms -- ProtegeOWLParser.loadTriples()
2012.01.01 16:23:10.487 BRST WARNING: [Local Folder Repository] The specified file must be a directory. (C:\Users\Bruno\Documents\NetBeansProjects\Kuaba\KuabaSubystem\plugins\edu.stanford.smi.protegex.owl) -- LocalFolderRepository.update()
2012.01.01 16:23:10.490 BRST INFO: Loading triples -- ProtegeOWLParser.loadTriples()
2012.01.01 16:23:10.491 BRST INFO: Start processing ontology: http://dummy-ontologies.com/dummy.owl Time: Sun Jan 01 16:23:10 BRST 2012 -- ProtegeOWLParser.loadTriples()
2012.01.01 16:23:10.537 BRST INFO: [ProtegeOWLParser] Importing http://www.tecweb.inf.puc-rio.br/DesignRationale/KuabaOntology.owl (from C:\Users\Bruno\Documents\NetBeansProjects\Kuaba\KuabaSubystem\kuabaOntology\KuabaOntology.owl) -- DefaultProtegeOWLParserLogger.logImport()
2012.01.01 16:23:10.631 BRST INFO: [ProtegeOWLParser] Completed triple loading after 141 ms -- ProtegeOWLParser.loadTriples()
2012.01.01 16:23:10.646 BRST INFO: [TripleChangePostProcessor] Completed lists after 0 ms -- TripleChangePostProcessor.log()
2012.01.01 16:23:10.648 BRST INFO: [TripleChangePostProcessor] Completed anonymous classes after 2 ms -- TripleChangePostProcessor.log()
2012.01.01 16:23:10.648 BRST INFO: [TripleChangePostProcessor] Completed deprecated classes after 0 ms -- TripleChangePostProcessor.log()
2012.01.01 16:23:10.662 BRST INFO: [TripleChangePostProcessor] Completed properties after 14 ms -- TripleChangePostProcessor.log()
2012.01.01 16:23:10.664 BRST INFO: [TripleChangePostProcessor] Completed named classes after 2 ms -- TripleChangePostProcessor.log()
2012.01.01 16:23:10.665 BRST INFO: ... Loading completed after 175 ms -- ProtegeOWLParser.loadTriples()
